


ARM Macro Assembler    Page 1 


    1 00000000         ; Losev Danil EPI-4-23 Lab 3
    2 00000000         
    3 00000000                 AREA             LAB3, CODE, READONLY
    4 00000000                 ENTRY
    5 00000000 E28F0094        ADR              R0, STRING
    6 00000004 E3A01000        MOV              R1, #0
    7 00000008 E3A02000        MOV              R2, #0
    8 0000000C EB000000        BL               LOOP
    9 00000010 EA000020        B                STOP
   10 00000014         
   11 00000014         
   12 00000014         LOOP
   13 00000014 E4D03001        LDRB             R3, [R0], #1
   14 00000018         
   15 00000018 E3530000        CMP              R3, #0
   16 0000001C 0A000004        BEQ              END_LOOP
   17 00000020         
   18 00000020 E1A0400E        MOV              R4, LR
   19 00000024 EB000003        BL               CHECK_FOR_VOWEL
   20 00000028 E1A0E004        MOV              LR, R4
   21 0000002C         
   22 0000002C         ;MOV R4, LR
   23 0000002C         ;BL CHECK_FOR_SIGNS
   24 0000002C         ;MOV LR, R4
   25 0000002C         
   26 0000002C E2822001        ADD              R2, R2, #1
   27 00000030         
   28 00000030 EAFFFFF7        B                LOOP
   29 00000034         
   30 00000034         END_LOOP
   31 00000034 E12FFF1E        BX               LR
   32 00000038         
   33 00000038         
   34 00000038         ;CHECK_FOR_SIGNS
   35 00000038         ; CMP R3, #' '
   36 00000038         ;    BEQ IS_SIGN
   37 00000038         ;    CMP R3, #'!'
   38 00000038         ;    BEQ IS_SIGN
   39 00000038         ; BX LR
   40 00000038         ; 
   41 00000038         ;IS_SIGN
   42 00000038         ; MOV LR, R4
   43 00000038         ; B LOOP
   44 00000038         
   45 00000038         CHECK_FOR_VOWEL
   46 00000038         
   47 00000038 E3530041        CMP              R3, #'A'
   48 0000003C 0A000012        BEQ              IS_VOWEL
   49 00000040 E3530045        CMP              R3, #'E'
   50 00000044 0A000010        BEQ              IS_VOWEL
   51 00000048 E3530049        CMP              R3, #'I'
   52 0000004C 0A00000E        BEQ              IS_VOWEL
   53 00000050 E353004F        CMP              R3, #'O'
   54 00000054 0A00000C        BEQ              IS_VOWEL
   55 00000058 E3530055        CMP              R3, #'U'
   56 0000005C 0A00000A        BEQ              IS_VOWEL
   57 00000060 E3530061        CMP              R3, #'a'
   58 00000064 0A000008        BEQ              IS_VOWEL
   59 00000068 E3530065        CMP              R3, #'e'



ARM Macro Assembler    Page 2 


   60 0000006C 0A000006        BEQ              IS_VOWEL
   61 00000070 E3530069        CMP              R3, #'i'
   62 00000074 0A000004        BEQ              IS_VOWEL
   63 00000078 E353006F        CMP              R3, #'o'
   64 0000007C 0A000002        BEQ              IS_VOWEL
   65 00000080 E3530075        CMP              R3, #'u'
   66 00000084 0A000000        BEQ              IS_VOWEL
   67 00000088         
   68 00000088 E12FFF1E        BX               LR
   69 0000008C         
   70 0000008C         
   71 0000008C         IS_VOWEL
   72 0000008C E1A0E004        MOV              LR, R4
   73 00000090 E2811001        ADD              R1, R1, #1
   74 00000094 EAFFFFDE        B                LOOP
   75 00000098         
   76 00000098         
   77 00000098 EAFFFFFE 
                       STOP    B                STOP
   78 0000009C         
   79 0000009C                 AREA             LAB3, DATA, READWRITE
   80 0000009C         STRING
   81 0000009C 41 52 4D 
              20 61 73 
              73 65 6D 
              62 6C 79 
              20 6C 61 
              6E 67 75 
              61 67 65 
              20 69 73 
              20 69 6D 
              70 6F 72 
              74 61 6E 
              74 20 74 
              6F 20 6C 
              65 61 72 
              6E 21 00         DCB              "ARM assembly language is impor
tant to learn!",0
   82 000000C9         
   83 000000C9                 END
Command Line: --debug --xref --diag_suppress=9931 --bi --apcs=interwork --depen
d=.\objects\lab3.d -o.\objects\lab3.o -IC:\Keil_v5\ARM\RV31\INC -IC:\Keil_v5\AR
M\CMSIS\Include --predefine="__EVAL SETA 1" --predefine="__UVISION_VERSION SETA
 529" --list=.\listings\lab3.lst lab3.s



ARM Macro Assembler    Page 1 Alphabetic symbol ordering
Relocatable symbols

CHECK_FOR_VOWEL 00000038

Symbol: CHECK_FOR_VOWEL
   Definitions
      At line 45 in file lab3.s
   Uses
      At line 19 in file lab3.s
Comment: CHECK_FOR_VOWEL used once
END_LOOP 00000034

Symbol: END_LOOP
   Definitions
      At line 30 in file lab3.s
   Uses
      At line 16 in file lab3.s
Comment: END_LOOP used once
IS_VOWEL 0000008C

Symbol: IS_VOWEL
   Definitions
      At line 71 in file lab3.s
   Uses
      At line 48 in file lab3.s
      At line 50 in file lab3.s
      At line 52 in file lab3.s
      At line 54 in file lab3.s
      At line 56 in file lab3.s
      At line 58 in file lab3.s
      At line 60 in file lab3.s
      At line 62 in file lab3.s
      At line 64 in file lab3.s
      At line 66 in file lab3.s

LAB3 00000000

Symbol: LAB3
   Definitions
      At line 3 in file lab3.s
   Uses
      None
Comment: LAB3 unused
LOOP 00000014

Symbol: LOOP
   Definitions
      At line 12 in file lab3.s
   Uses
      At line 8 in file lab3.s
      At line 28 in file lab3.s
      At line 74 in file lab3.s

STOP 00000098

Symbol: STOP
   Definitions
      At line 77 in file lab3.s
   Uses
      At line 9 in file lab3.s
      At line 77 in file lab3.s



ARM Macro Assembler    Page 2 Alphabetic symbol ordering
Relocatable symbols


STRING 0000009C

Symbol: STRING
   Definitions
      At line 80 in file lab3.s
   Uses
      At line 5 in file lab3.s
Comment: STRING used once
7 symbols
339 symbols in table
