


ARM Macro Assembler    Page 1 


    1 00000000                 AREA             MYCODE, CODE, READONLY
    2 00000000                 ENTRY
    3 00000000 E59F10A8        LDR              R1, POINTER
    4 00000004 E59F2070        LDR              R2, N
    5 00000008         
    6 00000008 E5913000        LDR              R3, [R1]    ; min 
    7 0000000C E5914000        LDR              R4, [R1]    ; max
    8 00000010         
    9 00000010 EB000004        BL               LOOP
   10 00000014         
   11 00000014 E59F6054        LDR              R6, MaxP
   12 00000018 E5864000        STR              R4, [R6]
   13 0000001C         
   14 0000001C E59F6054        LDR              R6, MinP
   15 00000020 E5863000        STR              R3, [R6]
   16 00000024         
   17 00000024 EA00000F        B                STOP
   18 00000028         
   19 00000028         LOOP
   20 00000028 E4915004        LDR              R5, [R1], #4
   21 0000002C         
   22 0000002C E1550003        CMP              R5, R3
   23 00000030 CA000004        BGT              SAVE_MAX
   24 00000034         
   25 00000034 E1550003        CMP              R5, R3
   26 00000038 BA000006        BLT              SAVE_MIN
   27 0000003C         
   28 0000003C E2522001        SUBS             R2, R2, #1
   29 00000040 CAFFFFF8        BGT              LOOP
   30 00000044         
   31 00000044 E12FFF1E        BX               LR
   32 00000048         
   33 00000048         
   34 00000048         SAVE_MAX
   35 00000048 E1A04005        MOV              R4, R5
   36 0000004C E2522001        SUBS             R2, R2, #1
   37 00000050 CAFFFFF4        BGT              LOOP
   38 00000054         
   39 00000054 E12FFF1E        BX               LR
   40 00000058         SAVE_MIN
   41 00000058 E1A03005        MOV              R3, R5
   42 0000005C E2522001        SUBS             R2, R2, #1
   43 00000060 CAFFFFF0        BGT              LOOP
   44 00000064         
   45 00000064 E12FFF1E        BX               LR
   46 00000068         
   47 00000068 EAFFFFFE 
                       STOP    B                STOP
   48 0000006C         
   49 0000006C                 AREA             MYCODE, CODE, READWRITE
   50 0000006C 00000000 
                       Max     DCD              0
   51 00000070 00000000 
                       MaxP    DCD              Max
   52 00000074 00000000 
                       Min     DCD              0
   53 00000078 00000000 
                       MinP    DCD              Min
   54 0000007C 0000000C 



ARM Macro Assembler    Page 2 


                       N       DCD              12
   55 00000080 00000003 
              FFFFFFF9 
              00000002 
              FFFFFFFE 
              0000000A 
              00000014 
              0000001E 
              0000000F 
              00000020 
              00000008 
              00000040 
              00000042 NUM1    DCD              3, -7, 2, -2, 10, 20, 30, 15, 3
2, 8, 64, 66
   56 000000B0 00000000 
                       POINTER DCD              NUM1
   57 000000B4         
   58 000000B4                 END
Command Line: --debug --xref --diag_suppress=9931 --bi --apcs=interwork --depen
d=.\objects\task2.d -o.\objects\task2.o -IC:\Keil_v5\ARM\RV31\INC -IC:\Keil_v5\
ARM\CMSIS\Include --predefine="__EVAL SETA 1" --predefine="__UVISION_VERSION SE
TA 529" --list=.\listings\task2.lst task2.s



ARM Macro Assembler    Page 1 Alphabetic symbol ordering
Relocatable symbols

LOOP 00000028

Symbol: LOOP
   Definitions
      At line 19 in file task2.s
   Uses
      At line 9 in file task2.s
      At line 29 in file task2.s
      At line 37 in file task2.s
      At line 43 in file task2.s

MYCODE 00000000

Symbol: MYCODE
   Definitions
      At line 1 in file task2.s
   Uses
      None
Comment: MYCODE unused
Max 0000006C

Symbol: Max
   Definitions
      At line 50 in file task2.s
   Uses
      At line 51 in file task2.s
Comment: Max used once
MaxP 00000070

Symbol: MaxP
   Definitions
      At line 51 in file task2.s
   Uses
      At line 11 in file task2.s
Comment: MaxP used once
Min 00000074

Symbol: Min
   Definitions
      At line 52 in file task2.s
   Uses
      At line 53 in file task2.s
Comment: Min used once
MinP 00000078

Symbol: MinP
   Definitions
      At line 53 in file task2.s
   Uses
      At line 14 in file task2.s
Comment: MinP used once
N 0000007C

Symbol: N
   Definitions
      At line 54 in file task2.s
   Uses
      At line 4 in file task2.s
Comment: N used once



ARM Macro Assembler    Page 2 Alphabetic symbol ordering
Relocatable symbols

NUM1 00000080

Symbol: NUM1
   Definitions
      At line 55 in file task2.s
   Uses
      At line 56 in file task2.s
Comment: NUM1 used once
POINTER 000000B0

Symbol: POINTER
   Definitions
      At line 56 in file task2.s
   Uses
      At line 3 in file task2.s
Comment: POINTER used once
SAVE_MAX 00000048

Symbol: SAVE_MAX
   Definitions
      At line 34 in file task2.s
   Uses
      At line 23 in file task2.s
Comment: SAVE_MAX used once
SAVE_MIN 00000058

Symbol: SAVE_MIN
   Definitions
      At line 40 in file task2.s
   Uses
      At line 26 in file task2.s
Comment: SAVE_MIN used once
STOP 00000068

Symbol: STOP
   Definitions
      At line 47 in file task2.s
   Uses
      At line 17 in file task2.s
      At line 47 in file task2.s

12 symbols
344 symbols in table
