


ARM Macro Assembler    Page 1 


    1 00000000         ;Losev Danil EPI-4-23 lab 4 task 1
    2 00000000         
    3 00000000                 AREA             MYCODE, CODE, READONLY
    4 00000000                 ENTRY
    5 00000000 E3A00000        MOV              R0, #0
    6 00000004 E59F106C        LDR              R1, POINTER
    7 00000008 E59F2048        LDR              R2, N
    8 0000000C EB000000        BL               LOOP
    9 00000010 EA00000D        B                STOP
   10 00000014         
   11 00000014         
   12 00000014         LOOP
   13 00000014 E4913004        LDR              R3, [R1], #4
   14 00000018         
   15 00000018 E3530005        CMP              R3, #5
   16 0000001C CA000004        BGT              ADDNUM
   17 00000020         
   18 00000020 E2522001        SUBS             R2, R2, #1
   19 00000024 CAFFFFFA        BGT              LOOP
   20 00000028         
   21 00000028 E59F4024        LDR              R4, SUMP
   22 0000002C E5840000        STR              R0, [R4]
   23 00000030 E12FFF1E        BX               LR
   24 00000034         
   25 00000034         ADDNUM
   26 00000034 E0800003        ADD              R0, R0, R3
   27 00000038 E2522001        SUBS             R2, R2, #1
   28 0000003C CAFFFFF4        BGT              LOOP
   29 00000040         
   30 00000040 E59F400C        LDR              R4, SUMP
   31 00000044 E5840000        STR              R0, [R4]
   32 00000048 E12FFF1E        BX               LR
   33 0000004C         
   34 0000004C EAFFFFFE 
                       STOP    B                STOP
   35 00000050         
   36 00000050                 AREA             MYCODE, CODE, READWRITE
   37 00000050 00000000 
                       SUM     DCD              0
   38 00000054 00000000 
                       SUMP    DCD              SUM
   39 00000058 00000007 
                       N       DCD              7
   40 0000005C 00000003 
              FFFFFFF9 
              00000002 
              FFFFFFFE 
              0000000A 
              00000014 
              0000001E NUM1    DCD              3, -7, 2, -2, 10, 20, 30
   41 00000078 00000000 
                       POINTER DCD              NUM1
   42 0000007C         
   43 0000007C                 END
Command Line: --debug --xref --diag_suppress=9931 --bi --apcs=interwork --depen
d=.\objects\lab4.d -o.\objects\lab4.o -IC:\Keil_v5\ARM\RV31\INC -IC:\Keil_v5\AR
M\CMSIS\Include --predefine="__EVAL SETA 1" --predefine="__UVISION_VERSION SETA
 529" --list=.\listings\lab4.lst lab4.s



ARM Macro Assembler    Page 1 Alphabetic symbol ordering
Relocatable symbols

ADDNUM 00000034

Symbol: ADDNUM
   Definitions
      At line 25 in file lab4.s
   Uses
      At line 16 in file lab4.s
Comment: ADDNUM used once
LOOP 00000014

Symbol: LOOP
   Definitions
      At line 12 in file lab4.s
   Uses
      At line 8 in file lab4.s
      At line 19 in file lab4.s
      At line 28 in file lab4.s

MYCODE 00000000

Symbol: MYCODE
   Definitions
      At line 3 in file lab4.s
   Uses
      None
Comment: MYCODE unused
N 00000058

Symbol: N
   Definitions
      At line 39 in file lab4.s
   Uses
      At line 7 in file lab4.s
Comment: N used once
NUM1 0000005C

Symbol: NUM1
   Definitions
      At line 40 in file lab4.s
   Uses
      At line 41 in file lab4.s
Comment: NUM1 used once
POINTER 00000078

Symbol: POINTER
   Definitions
      At line 41 in file lab4.s
   Uses
      At line 6 in file lab4.s
Comment: POINTER used once
STOP 0000004C

Symbol: STOP
   Definitions
      At line 34 in file lab4.s
   Uses
      At line 9 in file lab4.s
      At line 34 in file lab4.s




ARM Macro Assembler    Page 2 Alphabetic symbol ordering
Relocatable symbols

SUM 00000050

Symbol: SUM
   Definitions
      At line 37 in file lab4.s
   Uses
      At line 38 in file lab4.s
Comment: SUM used once
SUMP 00000054

Symbol: SUMP
   Definitions
      At line 38 in file lab4.s
   Uses
      At line 21 in file lab4.s
      At line 30 in file lab4.s

9 symbols
341 symbols in table
