


ARM Macro Assembler    Page 1 


    1 00000000                 AREA             TASK1, CODE, READONLY
    2 00000000                 ENTRY
    3 00000000         
    4 00000000         START
    5 00000000 E28F00C8        ADR              R0, STRING
    6 00000004 EB000028        BL               STRING_LENGTH
    7 00000008 E28F00C0        ADR              R0, STRING
    8 0000000C E3A02000        MOV              R2, #0
    9 00000010 EB000000        BL               LOOP
   10 00000014 EA000023        B                STOP
   11 00000018         
   12 00000018         
   13 00000018         LOOP
   14 00000018 E4D03001        LDRB             R3, [R0], #1
   15 0000001C         
   16 0000001C E3530000        CMP              R3, #0
   17 00000020 0A000003        BEQ              END_LOOP
   18 00000024         
   19 00000024 E1A0400E        MOV              R4, LR
   20 00000028 EB000002        BL               CHECK_FOR_VOWEL
   21 0000002C E1A0E004        MOV              LR, R4
   22 00000030         
   23 00000030 EAFFFFF8        B                LOOP
   24 00000034         
   25 00000034         END_LOOP
   26 00000034 E12FFF1E        BX               LR
   27 00000038         
   28 00000038         
   29 00000038         CHECK_FOR_VOWEL
   30 00000038         
   31 00000038 E3530041        CMP              R3, #'A'
   32 0000003C 0A000016        BEQ              IS_VOWEL
   33 00000040 E3530045        CMP              R3, #'E'
   34 00000044 0A000014        BEQ              IS_VOWEL
   35 00000048 E3530049        CMP              R3, #'I'
   36 0000004C 0A000012        BEQ              IS_VOWEL
   37 00000050 E353004F        CMP              R3, #'O'
   38 00000054 0A000010        BEQ              IS_VOWEL
   39 00000058 E3530055        CMP              R3, #'U'
   40 0000005C 0A00000E        BEQ              IS_VOWEL
   41 00000060 E3530059        CMP              R3, #'Y'
   42 00000064 0A00000C        BEQ              IS_VOWEL
   43 00000068 E3530061        CMP              R3, #'a'
   44 0000006C 0A00000A        BEQ              IS_VOWEL
   45 00000070 E3530065        CMP              R3, #'e'
   46 00000074 0A000008        BEQ              IS_VOWEL
   47 00000078 E3530069        CMP              R3, #'i'
   48 0000007C 0A000006        BEQ              IS_VOWEL
   49 00000080 E353006F        CMP              R3, #'o'
   50 00000084 0A000004        BEQ              IS_VOWEL
   51 00000088 E3530075        CMP              R3, #'u'
   52 0000008C 0A000002        BEQ              IS_VOWEL
   53 00000090 E3530079        CMP              R3, #'y'
   54 00000094 0A000000        BEQ              IS_VOWEL
   55 00000098         
   56 00000098 E12FFF1E        BX               LR
   57 0000009C         
   58 0000009C         
   59 0000009C         IS_VOWEL



ARM Macro Assembler    Page 2 


   60 0000009C E1A0E004        MOV              LR, R4
   61 000000A0 E2822001        ADD              R2, R2, #1
   62 000000A4 EAFFFFDB        B                LOOP
   63 000000A8         
   64 000000A8 EAFFFFFE 
                       STOP    B                STOP
   65 000000AC         
   66 000000AC         
   67 000000AC         STRING_LENGTH
   68 000000AC E1A0C00E        MOV              R12, LR
   69 000000B0 E3A01000        MOV              R1, #0
   70 000000B4         
   71 000000B4         STRING_LOOP
   72 000000B4 E4D04001        LDRB             R4, [R0], #1
   73 000000B8 E3540000        CMP              R4, #0
   74 000000BC 0A000001        BEQ              STRING_ENDED
   75 000000C0 E2811001        ADD              R1, R1, #1
   76 000000C4 EAFFFFFA        B                STRING_LOOP
   77 000000C8         
   78 000000C8         STRING_ENDED
   79 000000C8 E1A0E00C        MOV              LR, R12
   80 000000CC E12FFF1E        BX               LR
   81 000000D0         
   82 000000D0         
   83 000000D0                 AREA             TASK1, DATA, READWRITE
   84 000000D0         
   85 000000D0         STRING
   86 000000D0 41 6C 6D 
              6F 73 74 
              20 65 76 
              65 72 79 
              20 41 52 
              4D 20 69 
              6E 73 74 
              72 75 63 
              74 69 6F 
              6E 20 68 
              61 73 20 
              61 20 63 
              6F 6E 64 
              69 74 69 
              6F 6E 61 
              6C 20 65 
              78 65 63 
              75 74 69 
              6F 6E 20 
              66 65 61 
              74 75 72 
              65 20 63 
              61 6C 6C 
              65 64 20 
              70 72 65 
              64 69 63 
              61 74 69 
              6F 6E 2C 
              20 77 68 
              69 63 68 
              20 69 73 
              20 69 6D 



ARM Macro Assembler    Page 3 


              70 6C 65 
              6D 65 6E 
              74 65 64 
              20 77 69 
              74 68 20 
              61 20 34 
              2D 62 69 
              74 20 63 
              6F 6E 64 
              69 74 69 
              6F 6E 20 
              63 6F 64 
              65 20 73 
              65 6C 65 
              63 74 6F 
              72 21 00         DCB              "Almost every ARM instruction h
as a conditional execution feature called predication, which is implemented wit
h a 4-bit condition code selector!", 0
   87 00000160         
   88 00000160                 END
Command Line: --debug --xref --diag_suppress=9931 --bi --apcs=interwork --depen
d=.\objects\task1.d -o.\objects\task1.o -IC:\Keil_v5\ARM\RV31\INC -IC:\Keil_v5\
ARM\CMSIS\Include --predefine="__EVAL SETA 1" --predefine="__UVISION_VERSION SE
TA 529" --list=.\listings\task1.lst task1.s



ARM Macro Assembler    Page 1 Alphabetic symbol ordering
Relocatable symbols

CHECK_FOR_VOWEL 00000038

Symbol: CHECK_FOR_VOWEL
   Definitions
      At line 29 in file task1.s
   Uses
      At line 20 in file task1.s
Comment: CHECK_FOR_VOWEL used once
END_LOOP 00000034

Symbol: END_LOOP
   Definitions
      At line 25 in file task1.s
   Uses
      At line 17 in file task1.s
Comment: END_LOOP used once
IS_VOWEL 0000009C

Symbol: IS_VOWEL
   Definitions
      At line 59 in file task1.s
   Uses
      At line 32 in file task1.s
      At line 34 in file task1.s
      At line 36 in file task1.s
      At line 38 in file task1.s
      At line 40 in file task1.s
      At line 42 in file task1.s
      At line 44 in file task1.s
      At line 46 in file task1.s
      At line 48 in file task1.s
      At line 50 in file task1.s
      At line 52 in file task1.s
      At line 54 in file task1.s

LOOP 00000018

Symbol: LOOP
   Definitions
      At line 13 in file task1.s
   Uses
      At line 9 in file task1.s
      At line 23 in file task1.s
      At line 62 in file task1.s

START 00000000

Symbol: START
   Definitions
      At line 4 in file task1.s
   Uses
      None
Comment: START unused
STOP 000000A8

Symbol: STOP
   Definitions
      At line 64 in file task1.s
   Uses



ARM Macro Assembler    Page 2 Alphabetic symbol ordering
Relocatable symbols

      At line 10 in file task1.s
      At line 64 in file task1.s

STRING 000000D0

Symbol: STRING
   Definitions
      At line 85 in file task1.s
   Uses
      At line 5 in file task1.s
      At line 7 in file task1.s

STRING_ENDED 000000C8

Symbol: STRING_ENDED
   Definitions
      At line 78 in file task1.s
   Uses
      At line 74 in file task1.s
Comment: STRING_ENDED used once
STRING_LENGTH 000000AC

Symbol: STRING_LENGTH
   Definitions
      At line 67 in file task1.s
   Uses
      At line 6 in file task1.s
Comment: STRING_LENGTH used once
STRING_LOOP 000000B4

Symbol: STRING_LOOP
   Definitions
      At line 71 in file task1.s
   Uses
      At line 76 in file task1.s
Comment: STRING_LOOP used once
TASK1 00000000

Symbol: TASK1
   Definitions
      At line 1 in file task1.s
   Uses
      None
Comment: TASK1 unused
11 symbols
343 symbols in table
