


ARM Macro Assembler    Page 1 


    1 00000000                 AREA             SUM_POS_NEG, CODE, READONLY
    2 00000000                 ENTRY
    3 00000000 E59F0048        LDR              R0, = NUMBERS
    4 00000004 E59F1048        LDR              R1, = POS_SUM
    5 00000008 E59F2048        LDR              R2, = NEG_SUM
    6 0000000C         
    7 0000000C E5913000        LDR              R3, [R1]
    8 00000010 E5924000        LDR              R4, [R2]
    9 00000014         
   10 00000014 EB000008        BL               CHECK
   11 00000018 EAFFFFFF        B                STOP
   12 0000001C         
   13 0000001C EAFFFFFE 
                       STOP    B                STOP
   14 00000020         
   15 00000020         ADD_TO_NEG
   16 00000020 E2844001        ADD              R4, R4, #1
   17 00000024 EA000004        B                CHECK
   18 00000028         
   19 00000028         ADD_TO_POS
   20 00000028 E2833001        ADD              R3, R3, #1
   21 0000002C EA000002        B                CHECK
   22 00000030         
   23 00000030         STOP_CHECK
   24 00000030 E5813000        STR              R3, [R1]
   25 00000034 E5824000        STR              R4, [R2]
   26 00000038 E12FFF1E        BX               LR
   27 0000003C         
   28 0000003C         CHECK
   29 0000003C E4905004        LDR              R5, [R0], #4
   30 00000040 E3550000        CMP              R5, #0
   31 00000044 0AFFFFF9        BEQ              STOP_CHECK
   32 00000048 BAFFFFF4        BLT              ADD_TO_NEG
   33 0000004C CAFFFFF5        BGT              ADD_TO_POS
   34 00000050         
   35 00000050 00000000 
              00000000 
              00000000         AREA             SUM_POS_NEG, DATA, READWRITE
   36 0000005C                 ALIGN
   37 0000005C         
   38 0000005C 00000014 
              FFFFFFF8 
              FFFFFFDD 
              0000000A 
              0000000F 
              FFFFFFF9 
              00000000 NUMBERS DCD              20, -8, -35, 10, 15, -7, 0
   39 00000078 00000000 
                       POS_SUM DCD              0
   40 0000007C 00000000 
                       NEG_SUM DCD              0
   41 00000080         
   42 00000080                 END
Command Line: --debug --xref --diag_suppress=9931 --bi --apcs=interwork --depen
d=.\objects\task.d -o.\objects\task.o -IC:\Keil_v5\ARM\RV31\INC -IC:\Keil_v5\AR
M\CMSIS\Include --predefine="__EVAL SETA 1" --predefine="__UVISION_VERSION SETA
 529" --list=.\listings\task.lst task.s



ARM Macro Assembler    Page 1 Alphabetic symbol ordering
Relocatable symbols

ADD_TO_NEG 00000020

Symbol: ADD_TO_NEG
   Definitions
      At line 15 in file task.s
   Uses
      At line 32 in file task.s
Comment: ADD_TO_NEG used once
ADD_TO_POS 00000028

Symbol: ADD_TO_POS
   Definitions
      At line 19 in file task.s
   Uses
      At line 33 in file task.s
Comment: ADD_TO_POS used once
CHECK 0000003C

Symbol: CHECK
   Definitions
      At line 28 in file task.s
   Uses
      At line 10 in file task.s
      At line 17 in file task.s
      At line 21 in file task.s

NEG_SUM 0000007C

Symbol: NEG_SUM
   Definitions
      At line 40 in file task.s
   Uses
      At line 5 in file task.s
Comment: NEG_SUM used once
NUMBERS 0000005C

Symbol: NUMBERS
   Definitions
      At line 38 in file task.s
   Uses
      At line 3 in file task.s
Comment: NUMBERS used once
POS_SUM 00000078

Symbol: POS_SUM
   Definitions
      At line 39 in file task.s
   Uses
      At line 4 in file task.s
Comment: POS_SUM used once
STOP 0000001C

Symbol: STOP
   Definitions
      At line 13 in file task.s
   Uses
      At line 11 in file task.s
      At line 13 in file task.s




ARM Macro Assembler    Page 2 Alphabetic symbol ordering
Relocatable symbols

STOP_CHECK 00000030

Symbol: STOP_CHECK
   Definitions
      At line 23 in file task.s
   Uses
      At line 31 in file task.s
Comment: STOP_CHECK used once
SUM_POS_NEG 00000000

Symbol: SUM_POS_NEG
   Definitions
      At line 1 in file task.s
   Uses
      None
Comment: SUM_POS_NEG unused
9 symbols
343 symbols in table
